--------------- Clean Started: 11/29/2020 15:38:12 Project: VertushkaAnalog, Configuration: ARM GCC 4.9-2015-q1-update Debug ---------------
Deleting file ".\CortexM0\ARM_GCC_493\Debug\main.o"
Deleting file ".\CortexM0\ARM_GCC_493\Debug\cyfitter_cfg.o"
Deleting file ".\CortexM0\ARM_GCC_493\Debug\cymetadata.o"
Deleting file ".\CortexM0\ARM_GCC_493\Debug\Cm0Start.o"
Deleting file ".\CortexM0\ARM_GCC_493\Debug\CyBootAsmGnu.o"
Deleting file ".\CortexM0\ARM_GCC_493\Debug\CyFlash.o"
Deleting file ".\CortexM0\ARM_GCC_493\Debug\CyLib.o"
Deleting file ".\CortexM0\ARM_GCC_493\Debug\cyPm.o"
Deleting file ".\CortexM0\ARM_GCC_493\Debug\cyutils.o"
Deleting file ".\CortexM0\ARM_GCC_493\Debug\CyLFClk.o"
Deleting file ".\CortexM0\ARM_GCC_493\Debug\Pulse.o"
Deleting file ".\CortexM0\ARM_GCC_493\Debug\Pulse_PM.o"
Deleting file ".\CortexM0\ARM_GCC_493\Debug\PWM.o"
Deleting file ".\CortexM0\ARM_GCC_493\Debug\PWM_PM.o"
Deleting file ".\CortexM0\ARM_GCC_493\Debug\isr_Timed.o"
Deleting file ".\CortexM0\ARM_GCC_493\Debug\CLK_20Hz.o"
Deleting file ".\CortexM0\ARM_GCC_493\Debug\ADC.o"
Deleting file ".\CortexM0\ARM_GCC_493\Debug\ADC_PM.o"
Deleting file ".\CortexM0\ARM_GCC_493\Debug\ADC_INT.o"
Deleting file ".\CortexM0\ARM_GCC_493\Debug\PinRPM.o"
Deleting file ".\CortexM0\ARM_GCC_493\Debug\PinRPM_PM.o"
Deleting file ".\CortexM0\ARM_GCC_493\Debug\ADC_IRQ.o"
Deleting file ".\CortexM0\ARM_GCC_493\Debug\ADC_intClock.o"
Deleting file ".\CortexM0\ARM_GCC_493\Debug\EnablePWM.o"
Deleting file ".\CortexM0\ARM_GCC_493\Debug\EnablePWM_PM.o"
Deleting file ".\CortexM0\ARM_GCC_493\Debug\Clock.o"
Deleting file ".\CortexM0\ARM_GCC_493\Debug\LED_G.o"
Deleting file ".\CortexM0\ARM_GCC_493\Debug\LED_G_PM.o"
Deleting file ".\CortexM0\ARM_GCC_493\Debug\LED_R.o"
Deleting file ".\CortexM0\ARM_GCC_493\Debug\LED_R_PM.o"
Deleting file ".\CortexM0\ARM_GCC_493\Debug\Pin_LED_G.o"
Deleting file ".\CortexM0\ARM_GCC_493\Debug\Pin_LED_G_PM.o"
Deleting file ".\CortexM0\ARM_GCC_493\Debug\Pin_LED_R.o"
Deleting file ".\CortexM0\ARM_GCC_493\Debug\Pin_LED_R_PM.o"
Deleting file ".\CortexM0\ARM_GCC_493\Debug\VertushkaAnalog.hex"
Deleting file ".\CortexM0\ARM_GCC_493\Debug\VertushkaAnalog.elf"
Deleting file ".\CortexM0\ARM_GCC_493\Debug\VertushkaAnalog.map"
Deleting file ".\VertushkaAnalog.cycdx"
Deleting file ".\VertushkaAnalog.svd"
Deleting file ".\VertushkaAnalog.rpt"
Deleting file ".\VertushkaAnalog_timing.html"
Deleting file ".\CortexM0\ARM_GCC_493\Debug\.deps\C_FILE.P"
Deleting file ".\CortexM0\ARM_GCC_493\Debug\.deps\ARM_C_FILE.P"
Deleting file ".\CortexM0\ARM_GCC_493\Debug\.deps\GNU_ARM_ASM_FILE.P"
--------------- Clean Succeeded: 11/29/2020 15:38:12 ---------------
